{"name": "test_right_way", "status": "broken", "statusDetails": {"message": "selenium.common.exceptions.TimeoutException: Message:", "trace": "tests\\test_shop.py:89: in test_right_way\n    WebDriverWait(browser, timeout=10, poll_frequency=1).until(\n        browser    = <selenium.webdriver.chrome.webdriver.WebDriver (session=\"3ac57d8bfa44a8e6a1546c0d333bab20\")>\n        cart_is_visible = 'block'\n        product    = <selenium.webdriver.remote.webelement.WebElement (session=\"3ac57d8bfa44a8e6a1546c0d333bab20\", element=\"481515fb-828e-49dd-a019-2350227b0692\")>\nenv\\Lib\\site-packages\\selenium\\webdriver\\support\\wait.py:95: in until\n    raise TimeoutException(message, screen, stacktrace)\nE   selenium.common.exceptions.TimeoutException: Message:\n        end_time   = 1702.296\n        message    = ''\n        method     = <function url_to_be.<locals>._predicate at 0x000001E77F335BC0>\n        screen     = None\n        self       = <selenium.webdriver.support.wait.WebDriverWait (session=\"3ac57d8bfa44a8e6a1546c0d333bab20\")>\n        stacktrace = None\n        value      = False"}, "description": "\n    Test case TC-4\n    ", "start": 1674753792109, "stop": 1674753808670, "uuid": "f8a5d087-f71c-413c-a935-5ba8642cecc3", "historyId": "832350b147fac251f172289a626c5cba", "testCaseId": "7b8323124234f69a8fde1e3de50f452e", "fullName": "tests.test_shop#test_right_way", "labels": [{"name": "parentSuite", "value": "tests"}, {"name": "suite", "value": "test_shop"}, {"name": "host", "value": "LAPTOP-IH7S7K6P"}, {"name": "thread", "value": "11076-MainThread"}, {"name": "framework", "value": "pytest"}, {"name": "language", "value": "cpython3"}, {"name": "package", "value": "tests.test_shop"}]}