{"name": "test_right_way", "status": "broken", "statusDetails": {"message": "selenium.common.exceptions.TimeoutException: Message:", "trace": "tests\\test_shop.py:89: in test_right_way\n    WebDriverWait(browser, timeout=10, poll_frequency=1).until(\n        browser    = <selenium.webdriver.chrome.webdriver.WebDriver (session=\"e279e0d928a69ad829158c75dea902cb\")>\n        cart_is_visible = 'block'\n        product    = <selenium.webdriver.remote.webelement.WebElement (session=\"e279e0d928a69ad829158c75dea902cb\", element=\"e5cc6fac-31f1-4cec-b670-099357754b31\")>\nenv\\Lib\\site-packages\\selenium\\webdriver\\support\\wait.py:95: in until\n    raise TimeoutException(message, screen, stacktrace)\nE   selenium.common.exceptions.TimeoutException: Message:\n        end_time   = 1519.875\n        message    = ''\n        method     = <function url_to_be.<locals>._predicate at 0x000002A4BC61DC60>\n        screen     = None\n        self       = <selenium.webdriver.support.wait.WebDriverWait (session=\"e279e0d928a69ad829158c75dea902cb\")>\n        stacktrace = None\n        value      = False"}, "description": "\n    Test case TC-4\n    ", "start": 1674753609389, "stop": 1674753626260, "uuid": "06f1c593-7343-4a60-8a41-5b6cb2e6798d", "historyId": "832350b147fac251f172289a626c5cba", "testCaseId": "7b8323124234f69a8fde1e3de50f452e", "fullName": "tests.test_shop#test_right_way", "labels": [{"name": "parentSuite", "value": "tests"}, {"name": "suite", "value": "test_shop"}, {"name": "host", "value": "LAPTOP-IH7S7K6P"}, {"name": "thread", "value": "15784-MainThread"}, {"name": "framework", "value": "pytest"}, {"name": "language", "value": "cpython3"}, {"name": "package", "value": "tests.test_shop"}]}